[2025-12-03 09:02:04][default][warn] WARNING: Failed to insert pending migration record for 20251203_090204_Haha: Data truncated for column 'status' at row 1
[2025-12-03 09:02:04][default][info] New migration file created: 20251203_090204_Haha.php
[2025-12-03 13:53:11][default][info] Successfully executed 20251202_164226_Modifyuserdb->up() in batch 1.
[2025-12-03 13:53:11][default][info] Migration run completed. Ran 1 migrations in batch 1.
[2025-12-03 13:55:37][default][error] Failed to execute 20251202_164226_Modifyuserdb->down(): Column 'batch' cannot be null
[2025-12-03 13:55:37][default][error] Rollback failed for 20251202_164226_Modifyuserdb.php. Aborting subsequent rollbacks.
[2025-12-03 13:55:37][default][info] Rollback run completed. Rolled back 0 migrations.
[2025-12-03 13:56:04][default][info] No pending migrations to run.
[2025-12-03 14:17:25] [error] Failed executing 20251202_164226_Modifyuserdb->down(): Can't DROP COLUMN `credit`; check that it exists | Exception: Can't DROP COLUMN `credit`; check that it exists
[2025-12-03 14:17:25] [error] Rollback failed for 20251202_164226_Modifyuserdb.php. Aborting remaining rollbacks.
[2025-12-03 14:17:25] [info] Rollback completed: 0 migrations rolled back
[2025-12-03 14:17:49] [error] Failed executing 20251202_164226_Modifyuserdb->down(): Can't DROP COLUMN `credit`; check that it exists | Exception: Can't DROP COLUMN `credit`; check that it exists
[2025-12-03 14:17:49] [error] Rollback failed for 20251202_164226_Modifyuserdb.php. Aborting remaining rollbacks.
[2025-12-03 14:17:49] [info] Rollback completed: 0 migrations rolled back
[2025-12-03 14:19:56] [error] Failed executing 20251202_164226_Modifyuserdb->down(): Can't DROP COLUMN `credit`; check that it exists | Exception: Can't DROP COLUMN `credit`; check that it exists
[2025-12-03 14:19:56] [error] Rollback failed for 20251202_164226_Modifyuserdb.php. Aborting remaining rollbacks.
[2025-12-03 14:19:56] [info] Rollback completed: 0 migrations rolled back
[2025-12-03 14:20:05] [error] Failed executing 20251202_164226_Modifyuserdb->down(): Can't DROP COLUMN `credit`; check that it exists | Exception: Can't DROP COLUMN `credit`; check that it exists
[2025-12-03 14:20:05] [error] Rollback failed for 20251202_164226_Modifyuserdb.php. Aborting remaining rollbacks.
[2025-12-03 14:20:05] [info] Rollback completed: 0 migrations rolled back
[2025-12-03 14:20:28] [info] No pending migrations
[2025-12-03 14:20:34] [error] Failed executing 20251202_164226_Modifyuserdb->down(): Can't DROP COLUMN `credit`; check that it exists | Exception: Can't DROP COLUMN `credit`; check that it exists
[2025-12-03 14:20:34] [error] Rollback failed for 20251202_164226_Modifyuserdb.php. Aborting remaining rollbacks.
[2025-12-03 14:20:34] [info] Rollback completed: 0 migrations rolled back
[2025-12-03 14:22:52] [error] Failed executing 20251202_164226_Modifyuserdb->down(): Can't DROP COLUMN `credit`; check that it exists | Exception: Can't DROP COLUMN `credit`; check that it exists
[2025-12-03 14:22:52] [error] Rollback failed for 20251202_164226_Modifyuserdb.php. Aborting remaining rollbacks.
[2025-12-03 14:22:52] [info] Rollback completed: 0 migrations rolled back
[2025-12-03 14:42:02][default][info] Successfully executed 20251202_164226_Modifyuserdb->up() in batch 1.
[2025-12-03 14:42:02][default][info] Migration run completed. Ran 1 migrations in batch 1.
[2025-12-03 14:44:56] [info] No pending migrations
[2025-12-03 14:47:30][default][error] Failed to execute 20251202_164226_Modifyuserdb->up(): Duplicate column name 'credit'
[2025-12-03 14:47:30][default][info] Migration run completed. Ran 0 migrations in batch 1.
[2025-12-03 14:47:36][default][error] Failed to execute 20251202_164226_Modifyuserdb->up(): Duplicate column name 'credit'
[2025-12-03 14:47:36][default][info] Migration run completed. Ran 0 migrations in batch 1.
[2025-12-03 14:48:21][default][info] No applied migrations to rollback.
[2025-12-03 14:49:34][default][info] Successfully executed 20251202_164226_Modifyuserdb->up() in batch 1.
[2025-12-03 14:49:34][default][info] Migration run completed. Ran 1 migrations in batch 1.
[2025-12-03 14:49:44][default][info] No pending migrations to run.
[2025-12-03 14:50:00][default][error] Failed to execute 20251202_164226_Modifyuserdb->down(): Column 'batch' cannot be null
[2025-12-03 14:50:00][default][error] Rollback failed for 20251202_164226_Modifyuserdb.php. Aborting subsequent rollbacks.
[2025-12-03 14:50:00][default][info] Rollback run completed. Rolled back 0 migrations.
[2025-12-03 14:50:09][default][error] Failed to execute 20251202_164226_Modifyuserdb->down(): Can't DROP COLUMN `credit`; check that it exists
[2025-12-03 14:50:09][default][error] Rollback failed for 20251202_164226_Modifyuserdb.php. Aborting subsequent rollbacks.
[2025-12-03 14:50:09][default][info] Rollback run completed. Rolled back 0 migrations.
[2025-12-03 14:52:13][default][error] Failed to execute 20251202_164226_Modifyuserdb->down(): Can't DROP COLUMN `credit`; check that it exists
[2025-12-03 14:52:13][default][error] Rollback failed for 20251202_164226_Modifyuserdb.php. Aborting subsequent rollbacks.
[2025-12-03 14:52:13][default][info] Rollback run completed. Rolled back 0 migrations.
[2025-12-03 14:53:06][default][error] Failed to execute 20251202_164226_Modifyuserdb->down(): Can't DROP COLUMN `credit`; check that it exists
[2025-12-03 14:53:06][default][error] Rollback failed for 20251202_164226_Modifyuserdb.php. Aborting subsequent rollbacks.
[2025-12-03 14:53:06][default][info] Rollback run completed. Rolled back 0 migrations.
[2025-12-03 14:53:16][default][info] No pending migrations to run.
[2025-12-03 14:54:01][default][info] Successfully executed 20251202_164226_Modifyuserdb->up() in batch 1.
[2025-12-03 14:54:01][default][info] Migration run completed. Ran 1 migrations in batch 1.
[2025-12-03 14:54:23][default][error] Failed to execute 20251202_164226_Modifyuserdb->down(): Column 'batch' cannot be null
[2025-12-03 14:54:23][default][error] Rollback failed for 20251202_164226_Modifyuserdb.php. Aborting subsequent rollbacks.
[2025-12-03 14:54:23][default][info] Rollback run completed. Rolled back 0 migrations.
[2025-12-03 14:56:01][default][info] Successfully executed 20251202_164226_Modifyuserdb->up() in batch 1.
[2025-12-03 14:56:01][default][info] Migration run completed. Ran 1 migrations in batch 1.
[2025-12-03 14:56:34][default][error] Failed to execute 20251202_164226_Modifyuserdb->down(): Column 'batch' cannot be null
[2025-12-03 14:56:34][default][error] Rollback failed for 20251202_164226_Modifyuserdb.php. Aborting subsequent rollbacks.
[2025-12-03 14:56:34][default][info] Rollback run completed. Rolled back 0 migrations.
[2025-12-03 14:59:47][default][info] Successfully executed 20251202_164226_Modifyuserdb->up() in batch 1.
[2025-12-03 14:59:47][default][info] Migration run completed. Ran 1 migrations in batch 1.
[2025-12-03 14:59:56][default][info] Successfully executed 20251202_164226_Modifyuserdb->down() in batch 0.
[2025-12-03 14:59:56][default][info] Rollback run completed. Rolled back 1 migrations.
[2025-12-03 15:04:40] [error] Failed executing 20251202_164226_Modifyuserdb->up(): Unknown column 'duration_ms' in 'INSERT INTO' | Exception: Unknown column 'duration_ms' in 'INSERT INTO'
[2025-12-03 15:05:23] [error] Failed executing 20251202_164226_Modifyuserdb->up(): Duplicate column name 'credit' | Exception: Duplicate column name 'credit'
[2025-12-03 15:06:39] [success] Successfully executed 20251202_164226_Modifyuserdb->up() in 276ms
[2025-12-03 15:06:39] [info] Migration batch 1 completed: 1 migrations applied
[2025-12-03 15:06:52] [success] Successfully executed 20251202_164226_Modifyuserdb->down() in 326ms
[2025-12-03 15:06:52] [info] Rollback completed: 1 migrations rolled back
[2025-12-03 16:30:25] [info] Database backup created: _asdf__20251203_163025.sql (3.67 KB)
[2025-12-03 16:33:49] [success] Successfully executed 20251202_164226_Modifyuserdb->up() in 314ms
[2025-12-03 16:33:49] [info] Migration batch 1 completed: 1 migrations applied
[2025-12-03 16:42:37] [info] Database backup created: _basci__20251203_164237.sql (2.4 KB)
[2025-12-03 16:43:17] [error] Restore failed: Restore failed: mysql: Deprecated program name. It will be removed in a future release, use '/usr/bin/mariadb' instead
ERROR 1045 (28000): Access denied for user 'suraj'@'localhost' (using password: NO) | Exception: Restore failed: mysql: Deprecated program name. It will be removed in a future release, use '/usr/bin/mariadb' instead
ERROR 1045 (28000): Access denied for user 'suraj'@'localhost' (using password: NO)
[2025-12-03 16:44:58] [error] Restore failed: Restore failed: ERROR 1045 (28000): Access denied for user 'suraj'@'localhost' (using password: NO) | Exception: Restore failed: ERROR 1045 (28000): Access denied for user 'suraj'@'localhost' (using password: NO)
[2025-12-03 16:49:36] [error] Restore failed: Restore failed: --------------
mysqldump: Deprecated program name. It will be removed in a future release, use '/usr/bin/mariadb-dump' instead
/*M!999999 enable the sandbox mode */






/*!40101 SET @OLD_CHARACTER_SET_CLIENT=@@CHARACTER_SET_CLIENT */
--------------

ERROR 1064 (42000) at line 1: You have an error in your SQL syntax; check the manual that corresponds to your MariaDB server version for the right syntax to use near 'mysqldump: Deprecated program name. It will be removed in a future release, u...' at line 1 | Exception: Restore failed: --------------
mysqldump: Deprecated program name. It will be removed in a future release, use '/usr/bin/mariadb-dump' instead
/*M!999999 enable the sandbox mode */






/*!40101 SET @OLD_CHARACTER_SET_CLIENT=@@CHARACTER_SET_CLIENT */
--------------

ERROR 1064 (42000) at line 1: You have an error in your SQL syntax; check the manual that corresponds to your MariaDB server version for the right syntax to use near 'mysqldump: Deprecated program name. It will be removed in a future release, u...' at line 1
[2025-12-03 16:50:23] [error] Restore failed: Restore failed: ERROR 1045 (28000): Access denied for user 'suraj'@'localhost' (using password: NO) | Exception: Restore failed: ERROR 1045 (28000): Access denied for user 'suraj'@'localhost' (using password: NO)
[2025-12-03 16:50:36] [error] Restore failed: Restore failed: ERROR 1045 (28000): Access denied for user 'suraj'@'localhost' (using password: NO) | Exception: Restore failed: ERROR 1045 (28000): Access denied for user 'suraj'@'localhost' (using password: NO)
[2025-12-03 16:54:29] [error] Restore failed: Restore failed: --------------
mysqldump: Deprecated program name. It will be removed in a future release, use '/usr/bin/mariadb-dump' instead
/*M!999999 enable the sandbox mode */ 






/*!40101 SET @OLD_CHARACTER_SET_CLIENT=@@CHARACTER_SET_CLIENT */
--------------

ERROR 1064 (42000) at line 1: You have an error in your SQL syntax; check the manual that corresponds to your MariaDB server version for the right syntax to use near 'mysqldump: Deprecated program name. It will be removed in a future release, u...' at line 1
 | Exception: Restore failed: --------------
mysqldump: Deprecated program name. It will be removed in a future release, use '/usr/bin/mariadb-dump' instead
/*M!999999 enable the sandbox mode */ 






/*!40101 SET @OLD_CHARACTER_SET_CLIENT=@@CHARACTER_SET_CLIENT */
--------------

ERROR 1064 (42000) at line 1: You have an error in your SQL syntax; check the manual that corresponds to your MariaDB server version for the right syntax to use near 'mysqldump: Deprecated program name. It will be removed in a future release, u...' at line 1

[2025-12-03 16:55:24] [error] Restore failed: Restore failed: --------------
mysqldump: Deprecated program name. It will be removed in a future release, use '/usr/bin/mariadb-dump' instead
/*M!999999 enable the sandbox mode */ 






/*!40101 SET @OLD_CHARACTER_SET_CLIENT=@@CHARACTER_SET_CLIENT */
--------------

ERROR 1064 (42000) at line 1: You have an error in your SQL syntax; check the manual that corresponds to your MariaDB server version for the right syntax to use near 'mysqldump: Deprecated program name. It will be removed in a future release, u...' at line 1
 | Exception: Restore failed: --------------
mysqldump: Deprecated program name. It will be removed in a future release, use '/usr/bin/mariadb-dump' instead
/*M!999999 enable the sandbox mode */ 






/*!40101 SET @OLD_CHARACTER_SET_CLIENT=@@CHARACTER_SET_CLIENT */
--------------

ERROR 1064 (42000) at line 1: You have an error in your SQL syntax; check the manual that corresponds to your MariaDB server version for the right syntax to use near 'mysqldump: Deprecated program name. It will be removed in a future release, u...' at line 1

[2025-12-03 16:56:02] [error] Restore failed: Restore failed: ERROR 1045 (28000): Access denied for user 'my_artifact_user'@'localhost' (using password: NO) | Exception: Restore failed: ERROR 1045 (28000): Access denied for user 'my_artifact_user'@'localhost' (using password: NO)
[2025-12-03 16:57:30] [error] Restore failed: Restore failed: --------------
mysqldump: Deprecated program name. It will be removed in a future release, use '/usr/bin/mariadb-dump' instead
/*M!999999 enable the sandbox mode */






/*!40101 SET @OLD_CHARACTER_SET_CLIENT=@@CHARACTER_SET_CLIENT */
--------------

ERROR 1064 (42000) at line 1: You have an error in your SQL syntax; check the manual that corresponds to your MariaDB server version for the right syntax to use near 'mysqldump: Deprecated program name. It will be removed in a future release, u...' at line 1 | Exception: Restore failed: --------------
mysqldump: Deprecated program name. It will be removed in a future release, use '/usr/bin/mariadb-dump' instead
/*M!999999 enable the sandbox mode */






/*!40101 SET @OLD_CHARACTER_SET_CLIENT=@@CHARACTER_SET_CLIENT */
--------------

ERROR 1064 (42000) at line 1: You have an error in your SQL syntax; check the manual that corresponds to your MariaDB server version for the right syntax to use near 'mysqldump: Deprecated program name. It will be removed in a future release, u...' at line 1
