[2025-12-04 06:44:59] [error] Restore failed: Restore failed: --------------
mysqldump: Deprecated program name. It will be removed in a future release, use '/usr/bin/mariadb-dump' instead
/*M!999999 enable the sandbox mode */






/*!40101 SET @OLD_CHARACTER_SET_CLIENT=@@CHARACTER_SET_CLIENT */
--------------

ERROR 1064 (42000) at line 1: You have an error in your SQL syntax; check the manual that corresponds to your MariaDB server version for the right syntax to use near 'mysqldump: Deprecated program name. It will be removed in a future release, u...' at line 1 | Exception: Restore failed: --------------
mysqldump: Deprecated program name. It will be removed in a future release, use '/usr/bin/mariadb-dump' instead
/*M!999999 enable the sandbox mode */






/*!40101 SET @OLD_CHARACTER_SET_CLIENT=@@CHARACTER_SET_CLIENT */
--------------

ERROR 1064 (42000) at line 1: You have an error in your SQL syntax; check the manual that corresponds to your MariaDB server version for the right syntax to use near 'mysqldump: Deprecated program name. It will be removed in a future release, u...' at line 1
[2025-12-04 06:50:59] [error] Restore failed: Restore failed: --------------
mysqldump: Deprecated program name. It will be removed in a future release, use '/usr/bin/mariadb-dump' instead
/*M!999999 enable the sandbox mode */






/*!40101 SET @OLD_CHARACTER_SET_CLIENT=@@CHARACTER_SET_CLIENT */
--------------

ERROR 1064 (42000) at line 1: You have an error in your SQL syntax; check the manual that corresponds to your MariaDB server version for the right syntax to use near 'mysqldump: Deprecated program name. It will be removed in a future release, u...' at line 1 | Exception: Restore failed: --------------
mysqldump: Deprecated program name. It will be removed in a future release, use '/usr/bin/mariadb-dump' instead
/*M!999999 enable the sandbox mode */






/*!40101 SET @OLD_CHARACTER_SET_CLIENT=@@CHARACTER_SET_CLIENT */
--------------

ERROR 1064 (42000) at line 1: You have an error in your SQL syntax; check the manual that corresponds to your MariaDB server version for the right syntax to use near 'mysqldump: Deprecated program name. It will be removed in a future release, u...' at line 1
[2025-12-04 06:52:02] [error] Restore failed: Restore failed: --------------
mysqldump: Deprecated program name. It will be removed in a future release, use '/usr/bin/mariadb-dump' instead
/*M!999999 enable the sandbox mode */






/*!40101 SET @OLD_CHARACTER_SET_CLIENT=@@CHARACTER_SET_CLIENT */
--------------

ERROR 1064 (42000) at line 1: You have an error in your SQL syntax; check the manual that corresponds to your MariaDB server version for the right syntax to use near 'mysqldump: Deprecated program name. It will be removed in a future release, u...' at line 1 | Exception: Restore failed: --------------
mysqldump: Deprecated program name. It will be removed in a future release, use '/usr/bin/mariadb-dump' instead
/*M!999999 enable the sandbox mode */






/*!40101 SET @OLD_CHARACTER_SET_CLIENT=@@CHARACTER_SET_CLIENT */
--------------

ERROR 1064 (42000) at line 1: You have an error in your SQL syntax; check the manual that corresponds to your MariaDB server version for the right syntax to use near 'mysqldump: Deprecated program name. It will be removed in a future release, u...' at line 1
[2025-12-04 06:52:52] [error] Restore failed: Restore failed: --------------
mysqldump: Deprecated program name. It will be removed in a future release, use '/usr/bin/mariadb-dump' instead
/*M!999999 enable the sandbox mode */






/*!40101 SET @OLD_CHARACTER_SET_CLIENT=@@CHARACTER_SET_CLIENT */
--------------

ERROR 1064 (42000) at line 1: You have an error in your SQL syntax; check the manual that corresponds to your MariaDB server version for the right syntax to use near 'mysqldump: Deprecated program name. It will be removed in a future release, u...' at line 1 | Exception: Restore failed: --------------
mysqldump: Deprecated program name. It will be removed in a future release, use '/usr/bin/mariadb-dump' instead
/*M!999999 enable the sandbox mode */






/*!40101 SET @OLD_CHARACTER_SET_CLIENT=@@CHARACTER_SET_CLIENT */
--------------

ERROR 1064 (42000) at line 1: You have an error in your SQL syntax; check the manual that corresponds to your MariaDB server version for the right syntax to use near 'mysqldump: Deprecated program name. It will be removed in a future release, u...' at line 1
[2025-12-04 06:53:49] [error] Restore failed: Restore failed: --------------
mysqldump: Deprecated program name. It will be removed in a future release, use '/usr/bin/mariadb-dump' instead
/*M!999999 enable the sandbox mode */






/*!40101 SET @OLD_CHARACTER_SET_CLIENT=@@CHARACTER_SET_CLIENT */
--------------

ERROR 1064 (42000) at line 1: You have an error in your SQL syntax; check the manual that corresponds to your MariaDB server version for the right syntax to use near 'mysqldump: Deprecated program name. It will be removed in a future release, u...' at line 1 | Exception: Restore failed: --------------
mysqldump: Deprecated program name. It will be removed in a future release, use '/usr/bin/mariadb-dump' instead
/*M!999999 enable the sandbox mode */






/*!40101 SET @OLD_CHARACTER_SET_CLIENT=@@CHARACTER_SET_CLIENT */
--------------

ERROR 1064 (42000) at line 1: You have an error in your SQL syntax; check the manual that corresponds to your MariaDB server version for the right syntax to use near 'mysqldump: Deprecated program name. It will be removed in a future release, u...' at line 1
[2025-12-04 06:55:30] [error] Restore failed: Restore failed: --------------
mysqldump: Deprecated program name. It will be removed in a future release, use '/usr/bin/mariadb-dump' instead
/*M!999999 enable the sandbox mode */






/*!40101 SET @OLD_CHARACTER_SET_CLIENT=@@CHARACTER_SET_CLIENT */
--------------

ERROR 1064 (42000) at line 1: You have an error in your SQL syntax; check the manual that corresponds to your MariaDB server version for the right syntax to use near 'mysqldump: Deprecated program name. It will be removed in a future release, u...' at line 1 | Exception: Restore failed: --------------
mysqldump: Deprecated program name. It will be removed in a future release, use '/usr/bin/mariadb-dump' instead
/*M!999999 enable the sandbox mode */






/*!40101 SET @OLD_CHARACTER_SET_CLIENT=@@CHARACTER_SET_CLIENT */
--------------

ERROR 1064 (42000) at line 1: You have an error in your SQL syntax; check the manual that corresponds to your MariaDB server version for the right syntax to use near 'mysqldump: Deprecated program name. It will be removed in a future release, u...' at line 1
[2025-12-04 07:00:58] [error] Restore failed: Restore failed: --------------
/*!40103 SET TIME_ZONE=@OLD_TIME_ZONE */
--------------

ERROR 1231 (42000) at line 34: Variable 'time_zone' can't be set to the value of 'NULL' | Exception: Restore failed: --------------
/*!40103 SET TIME_ZONE=@OLD_TIME_ZONE */
--------------

ERROR 1231 (42000) at line 34: Variable 'time_zone' can't be set to the value of 'NULL'
[2025-12-04 07:01:23] [info] Database restored from: _basci__20251203_164237.sql
[2025-12-04 07:04:49] [success] Successfully executed 20251202_164226_Modifyuserdb->down() in 477ms
[2025-12-04 07:04:49] [info] Rollback completed: 1 migrations rolled back
[2025-12-04 07:16:05] [info] Database backup created: pre_migrate_20251204_071605.sql (2.24 KB)
[2025-12-04 07:16:06] [success] Successfully executed 20251202_164226_Modifyuserdb->up() in 422ms
[2025-12-04 07:16:06] [info] Migration batch 1 completed: 1 migrations applied
[2025-12-04 07:16:42] [success] Successfully executed 20251202_164226_Modifyuserdb->down() in 392ms
[2025-12-04 07:16:42] [info] Rollback completed: 1 migrations rolled back
[2025-12-04 13:48:48] [error] Backup failed: Backup command failed:  | Exception: Backup command failed: 
[2025-12-04 13:48:49] [success] Successfully executed 20251202_164226_Modifyuserdb->up() in 504ms
[2025-12-04 13:48:49] [info] Migration batch 1 completed: 1 migrations applied
[2025-12-04 14:17:48] [error] Backup failed: Backup command failed:  | Exception: Backup command failed: 
[2025-12-04 14:17:48] [info] No pending migrations
[2025-12-04 14:18:28] [error] Backup failed: Backup command failed:  | Exception: Backup command failed: 
[2025-12-04 14:18:28] [info] No pending migrations
[2025-12-04 14:19:03] [error] Backup failed: Backup command failed:  | Exception: Backup command failed: 
[2025-12-04 14:19:03] [info] No pending migrations
[2025-12-04 14:19:07] [error] Backup failed: Backup command failed:  | Exception: Backup command failed: 
[2025-12-04 14:19:07] [info] No pending migrations
[2025-12-04 14:19:34] [error] Backup failed: Backup command failed:  | Exception: Backup command failed: 
[2025-12-04 14:19:34] [info] No pending migrations
[2025-12-04 14:25:35] [info] Database backup created: pre_migrate_20251204_142535.sql (2.29 KB)
[2025-12-04 14:25:35] [info] No pending migrations
